#-----------------------------------------------------------
# Vivado v2022.2 (64-bit)
# SW Build 3671981 on Fri Oct 14 05:00:03 MDT 2022
# IP Build 3669848 on Fri Oct 14 08:30:02 MDT 2022
# Start of session at: Sun Nov 13 19:30:04 2022
# Process ID: 11248
# Current directory: D:/Course/111-1AAHLS/canny_workspace/canny/solution1/sim/verilog
# Command line: vivado.exe -source open_wave.tcl
# Log file: D:/Course/111-1AAHLS/canny_workspace/canny/solution1/sim/verilog/vivado.log
# Journal file: D:/Course/111-1AAHLS/canny_workspace/canny/solution1/sim/verilog\vivado.jou
# Running On: DESKTOP-SOCTP09, OS: Windows, CPU Frequency: 3893 MHz, CPU Physical cores: 12, Host memory: 29939 MB
#-----------------------------------------------------------
start_gui
source open_wave.tcl
# current_fileset
WARNING: [Board 49-26] cannot add Board Part xilinx.com:vek280_es:part0:1.0 available at D:/Xilinx_2022.1/Vivado/2022.2/data/xhub/boards/XilinxBoardStore/boards/Xilinx/vek280/es/1.0/board.xml as part xcve2802-vsvh1760-2lp-e-s-es1 specified in board_part file is either invalid or not available
WARNING: [Board 49-26] cannot add Board Part xilinx.com:vhk158_es:part0:1.0 available at D:/Xilinx_2022.1/Vivado/2022.2/data/xhub/boards/XilinxBoardStore/boards/Xilinx/vhk158/es/1.0/board.xml as part xcvh1582-vsva3697-2mp-e-s-es1 specified in board_part file is either invalid or not available
WARNING: [Board 49-26] cannot add Board Part xilinx.com:vpk120_es:part0:1.2 available at D:/Xilinx_2022.1/Vivado/2022.2/data/xhub/boards/XilinxBoardStore/boards/Xilinx/vpk120/es/1.2/board.xml as part xcvp1202-vsva2785-2mp-e-s-es1 specified in board_part file is either invalid or not available
WARNING: [Board 49-26] cannot add Board Part xilinx.com:vpk120_es_revb:part0:1.0 available at D:/Xilinx_2022.1/Vivado/2022.2/data/xhub/boards/XilinxBoardStore/boards/Xilinx/vpk120_revb/es/1.0/board.xml as part xcvp1202-vsva2785-2mp-e-s-es1 specified in board_part file is either invalid or not available
WARNING: [Board 49-26] cannot add Board Part xilinx.com:vpk180_es:part0:1.0 available at D:/Xilinx_2022.1/Vivado/2022.2/data/xhub/boards/XilinxBoardStore/boards/Xilinx/vpk180/es/1.0/board.xml as part xcvp1802-lsvc4072-2mp-e-s-es1 specified in board_part file is either invalid or not available
WARNING: [Board 49-26] cannot add Board Part xilinx.com:zcu208ld:part0:2.0 available at D:/Xilinx_2022.1/Vivado/2022.2/data/xhub/boards/XilinxBoardStore/boards/Xilinx/zcu208ld/production/2.0/board.xml as part xczu58dr-fsvg1517-2-i specified in board_part file is either invalid or not available
WARNING: [Board 49-26] cannot add Board Part xilinx.com:zcu216ld:part0:2.0 available at D:/Xilinx_2022.1/Vivado/2022.2/data/xhub/boards/XilinxBoardStore/boards/Xilinx/zcu216ld/production/2.0/board.xml as part xczu59dr-ffvf1760-2-i specified in board_part file is either invalid or not available
WARNING: [Board 49-26] cannot add Board Part xilinx.com:zcu670:part0:2.0 available at D:/Xilinx_2022.1/Vivado/2022.2/data/xhub/boards/XilinxBoardStore/boards/Xilinx/zcu670/2.0/board.xml as part xczu67dr-fsve1156-2-i specified in board_part file is either invalid or not available
WARNING: [Board 49-26] cannot add Board Part xilinx.com:zcu670ld:part0:1.0 available at D:/Xilinx_2022.1/Vivado/2022.2/data/xhub/boards/XilinxBoardStore/boards/Xilinx/zcu670ld/1.0/board.xml as part xczu57dr-fsve1156-2-i specified in board_part file is either invalid or not available
INFO: [IP_Flow 19-234] Refreshing IP repositories
INFO: [IP_Flow 19-1704] No user IP repositories specified
INFO: [IP_Flow 19-2313] Loaded Vivado IP repository 'D:/Xilinx_2022.1/Vivado/2022.2/data/ip'.
current_fileset: Time (s): cpu = 00:00:16 ; elapsed = 00:00:07 . Memory (MB): peak = 1709.352 ; gain = 292.012
# open_wave_database canny.wdb
INFO: [Wavedata 42-564]   Found protocol instance at /apatb_canny_top/AESL_inst_canny/AESL_inst_canny_activity
INFO: [Wavedata 42-564]   Found protocol instance at /apatb_canny_top/AESL_inst_canny/ConvertXY_U0/ConvertXY_U0_activity
INFO: [Wavedata 42-564]   Found protocol instance at /apatb_canny_top/AESL_inst_canny/MergeFilter_U0/MergeFilter_U0_activity
INFO: [Wavedata 42-564]   Found protocol instance at /apatb_canny_top/AESL_inst_canny/NonMaximumSuppression_U0/NonMaximumSuppression_U0_activity
INFO: [Wavedata 42-564]   Found protocol instance at /apatb_canny_top/AESL_inst_canny/NonMaximumSuppression_U0/grp_NonMaximumSuppression_Pipeline_VITIS_LOOP_193_1_fu_74/grp_NonMaximumSuppression_Pipeline_VITIS_LOOP_193_1_fu_74_activity
INFO: [Wavedata 42-564]   Found protocol instance at /apatb_canny_top/AESL_inst_canny/entry_proc_U0/entry_proc_U0_activity
open_wave_config D:/Course/111-1AAHLS/canny_workspace/canny/solution1/sim/verilog/canny.wcfg
close_sim
INFO: [Simtcl 6-16] Simulation closed
exit
INFO: [Common 17-206] Exiting Vivado at Sun Nov 13 19:30:38 2022...
